# JRE version: OpenJDK Runtime Environment GraalVM CE 22.3.0 (17.0.5+8) (build 17.0.5+8-jvmci-22.3-b08)
# Java VM: OpenJDK 64-Bit Server VM GraalVM CE 22.3.0 (17.0.5+8-jvmci-22.3-b08, mixed mode, sharing, tiered, jvmci, jvmci compiler, compressed oops, compressed class ptrs, parallel gc, linux-amd64)
GC Precious Log:
 CPUs: 8 total, 1 available
 Memory: 1024M
 Large Page Support: Disabled
 NUMA Support: Disabled
 Compressed Oops: Enabled (32-bit)
 Alignments: Space 512K, Generation 512K, Heap 2M
 Heap Min Capacity: 100M
 Heap Initial Capacity: 100M
 Heap Max Capacity: 512M
 Pre-touch: Disabled
 Parallel Workers: 1
Heap:
 PSYoungGen      total 58368K, used 27906K [0x00000000f5580000, 0x00000000f9d00000, 0x0000000100000000)
  eden space 48640K, 37% used [0x00000000f5580000,0x00000000f67808f8,0x00000000f8500000)
  from space 9728K, 97% used [0x00000000f9380000,0x00000000f9cc0000,0x00000000f9d00000)
  to   space 9728K, 0% used [0x00000000f8a00000,0x00000000f8a00000,0x00000000f9380000)
 ParOldGen       total 286208K, used 215226K [0x00000000e0000000, 0x00000000f1780000, 0x00000000f5580000)
  object space 286208K, 75% used [0x00000000e0000000,0x00000000ed22eb50,0x00000000f1780000)
 Metaspace       used 67998K, committed 69056K, reserved 1114112K
  class space    used 7590K, committed 8064K, reserved 1048576K
GC Heap History (20 events):
Event: 114.820 GC heap before
{Heap before GC invocations=126 (full 17):
 PSYoungGen      total 89600K, used 49664K [0x00000000f5580000, 0x00000000fdb00000, 0x0000000100000000)
  eden space 49664K, 100% used [0x00000000f5580000,0x00000000f8600000,0x00000000f8600000)
  from space 39936K, 0% used [0x00000000fb380000,0x00000000fb380000,0x00000000fda80000)
  to   space 43520K, 0% used [0x00000000f8600000,0x00000000f8600000,0x00000000fb080000)
 ParOldGen       total 286208K, used 195184K [0x00000000e0000000, 0x00000000f1780000, 0x00000000f5580000)
  object space 286208K, 68% used [0x00000000e0000000,0x00000000ebe9c1c0,0x00000000f1780000)
 Metaspace       used 47661K, committed 48576K, reserved 1097728K
  class space    used 5193K, committed 5568K, reserved 1048576K
}
Event: 114.908 GC heap after
{Heap after GC invocations=126 (full 17):
 PSYoungGen      total 55296K, used 5324K [0x00000000f5580000, 0x00000000fb400000, 0x0000000100000000)
  eden space 49664K, 0% used [0x00000000f5580000,0x00000000f5580000,0x00000000f8600000)
  from space 5632K, 94% used [0x00000000f8600000,0x00000000f8b331d8,0x00000000f8b80000)
  to   space 17920K, 0% used [0x00000000fa280000,0x00000000fa280000,0x00000000fb400000)
 ParOldGen       total 286208K, used 195184K [0x00000000e0000000, 0x00000000f1780000, 0x00000000f5580000)
  object space 286208K, 68% used [0x00000000e0000000,0x00000000ebe9c1c0,0x00000000f1780000)
 Metaspace       used 47661K, committed 48576K, reserved 1097728K
  class space    used 5193K, committed 5568K, reserved 1048576K
}
Event: 128.305 GC heap before
{Heap before GC invocations=127 (full 17):
 PSYoungGen      total 55296K, used 54988K [0x00000000f5580000, 0x00000000fb400000, 0x0000000100000000)
  eden space 49664K, 100% used [0x00000000f5580000,0x00000000f8600000,0x00000000f8600000)
  from space 5632K, 94% used [0x00000000f8600000,0x00000000f8b331d8,0x00000000f8b80000)
  to   space 17920K, 0% used [0x00000000fa280000,0x00000000fa280000,0x00000000fb400000)
 ParOldGen       total 286208K, used 195184K [0x00000000e0000000, 0x00000000f1780000, 0x00000000f5580000)
  object space 286208K, 68% used [0x00000000e0000000,0x00000000ebe9c1c0,0x00000000f1780000)
 Metaspace       used 54957K, committed 55936K, reserved 1097728K
  class space    used 6491K, committed 6912K, reserved 1048576K
}
Event: 128.402 GC heap after
{Heap after GC invocations=127 (full 17):
 PSYoungGen      total 57856K, used 6496K [0x00000000f5580000, 0x00000000fa900000, 0x0000000100000000)
  eden space 51200K, 0% used [0x00000000f5580000,0x00000000f5580000,0x00000000f8780000)
  from space 6656K, 97% used [0x00000000fa280000,0x00000000fa8d8128,0x00000000fa900000)
  to   space 8192K, 0% used [0x00000000f9900000,0x00000000f9900000,0x00000000fa100000)
 ParOldGen       total 286208K, used 195184K [0x00000000e0000000, 0x00000000f1780000, 0x00000000f5580000)
  object space 286208K, 68% used [0x00000000e0000000,0x00000000ebe9c1c0,0x00000000f1780000)
 Metaspace       used 54957K, committed 55936K, reserved 1097728K
  class space    used 6491K, committed 6912K, reserved 1048576K
}
Event: 236.399 GC heap before
{Heap before GC invocations=128 (full 17):
 PSYoungGen      total 57856K, used 57696K [0x00000000f5580000, 0x00000000fa900000, 0x0000000100000000)
  eden space 51200K, 99% used [0x00000000f5580000,0x00000000f877fff8,0x00000000f8780000)
  from space 6656K, 97% used [0x00000000fa280000,0x00000000fa8d8128,0x00000000fa900000)
  to   space 8192K, 0% used [0x00000000f9900000,0x00000000f9900000,0x00000000fa100000)
 ParOldGen       total 286208K, used 195184K [0x00000000e0000000, 0x00000000f1780000, 0x00000000f5580000)
  object space 286208K, 68% used [0x00000000e0000000,0x00000000ebe9c1c0,0x00000000f1780000)
 Metaspace       used 55781K, committed 56768K, reserved 1105920K
  class space    used 6533K, committed 6976K, reserved 1048576K
}
Event: 236.501 GC heap after
{Heap after GC invocations=128 (full 17):
 PSYoungGen      total 58880K, used 6621K [0x00000000f5580000, 0x00000000fa300000, 0x0000000100000000)
  eden space 52224K, 0% used [0x00000000f5580000,0x00000000f5580000,0x00000000f8880000)
  from space 6656K, 99% used [0x00000000f9900000,0x00000000f9f777a0,0x00000000f9f80000)
  to   space 3584K, 0% used [0x00000000f9f80000,0x00000000f9f80000,0x00000000fa300000)
 ParOldGen       total 286208K, used 195184K [0x00000000e0000000, 0x00000000f1780000, 0x00000000f5580000)
  object space 286208K, 68% used [0x00000000e0000000,0x00000000ebe9c1c0,0x00000000f1780000)
 Metaspace       used 55781K, committed 56768K, reserved 1105920K
  class space    used 6533K, committed 6976K, reserved 1048576K
}
Event: 247.500 GC heap before
{Heap before GC invocations=129 (full 17):
 PSYoungGen      total 58880K, used 58845K [0x00000000f5580000, 0x00000000fa300000, 0x0000000100000000)
  eden space 52224K, 100% used [0x00000000f5580000,0x00000000f8880000,0x00000000f8880000)
  from space 6656K, 99% used [0x00000000f9900000,0x00000000f9f777a0,0x00000000f9f80000)
  to   space 3584K, 0% used [0x00000000f9f80000,0x00000000f9f80000,0x00000000fa300000)
 ParOldGen       total 286208K, used 195184K [0x00000000e0000000, 0x00000000f1780000, 0x00000000f5580000)
  object space 286208K, 68% used [0x00000000e0000000,0x00000000ebe9c1c0,0x00000000f1780000)
 Metaspace       used 55783K, committed 56768K, reserved 1105920K
  class space    used 6533K, committed 6976K, reserved 1048576K
}
Event: 247.514 GC heap after
{Heap after GC invocations=129 (full 17):
 PSYoungGen      total 56832K, used 3553K [0x00000000f5580000, 0x00000000fa300000, 0x0000000100000000)
  eden space 53248K, 0% used [0x00000000f5580000,0x00000000f5580000,0x00000000f8980000)
  from space 3584K, 99% used [0x00000000f9f80000,0x00000000fa2f8728,0x00000000fa300000)
  to   space 6656K, 0% used [0x00000000f9600000,0x00000000f9600000,0x00000000f9c80000)
 ParOldGen       total 286208K, used 198239K [0x00000000e0000000, 0x00000000f1780000, 0x00000000f5580000)
  object space 286208K, 69% used [0x00000000e0000000,0x00000000ec197cd8,0x00000000f1780000)
 Metaspace       used 55783K, committed 56768K, reserved 1105920K
  class space    used 6533K, committed 6976K, reserved 1048576K
}
Event: 262.401 GC heap before
{Heap before GC invocations=130 (full 17):
 PSYoungGen      total 56832K, used 56801K [0x00000000f5580000, 0x00000000fa300000, 0x0000000100000000)
  eden space 53248K, 100% used [0x00000000f5580000,0x00000000f8980000,0x00000000f8980000)
  from space 3584K, 99% used [0x00000000f9f80000,0x00000000fa2f8728,0x00000000fa300000)
  to   space 6656K, 0% used [0x00000000f9600000,0x00000000f9600000,0x00000000f9c80000)
 ParOldGen       total 286208K, used 198239K [0x00000000e0000000, 0x00000000f1780000, 0x00000000f5580000)
  object space 286208K, 69% used [0x00000000e0000000,0x00000000ec197cd8,0x00000000f1780000)
 Metaspace       used 55787K, committed 56768K, reserved 1105920K
  class space    used 6533K, committed 6976K, reserved 1048576K
}
Event: 262.414 GC heap after
{Heap after GC invocations=130 (full 17):
 PSYoungGen      total 58880K, used 64K [0x00000000f5580000, 0x00000000fa000000, 0x0000000100000000)
  eden space 52224K, 0% used [0x00000000f5580000,0x00000000f5580000,0x00000000f8880000)
  from space 6656K, 0% used [0x00000000f9600000,0x00000000f9610000,0x00000000f9c80000)
  to   space 2560K, 0% used [0x00000000f9d80000,0x00000000f9d80000,0x00000000fa000000)
 ParOldGen       total 286208K, used 201681K [0x00000000e0000000, 0x00000000f1780000, 0x00000000f5580000)
  object space 286208K, 70% used [0x00000000e0000000,0x00000000ec4f4620,0x00000000f1780000)
 Metaspace       used 55787K, committed 56768K, reserved 1105920K
  class space    used 6533K, committed 6976K, reserved 1048576K
}
Event: 277.193 GC heap before
{Heap before GC invocations=131 (full 17):
 PSYoungGen      total 58880K, used 52288K [0x00000000f5580000, 0x00000000fa000000, 0x0000000100000000)
  eden space 52224K, 100% used [0x00000000f5580000,0x00000000f8880000,0x00000000f8880000)
  from space 6656K, 0% used [0x00000000f9600000,0x00000000f9610000,0x00000000f9c80000)
  to   space 2560K, 0% used [0x00000000f9d80000,0x00000000f9d80000,0x00000000fa000000)
 ParOldGen       total 286208K, used 201681K [0x00000000e0000000, 0x00000000f1780000, 0x00000000f5580000)
  object space 286208K, 70% used [0x00000000e0000000,0x00000000ec4f4620,0x00000000f1780000)
 Metaspace       used 57495K, committed 58432K, reserved 1105920K
  class space    used 6744K, committed 7168K, reserved 1048576K
}
Event: 277.225 GC heap after
{Heap after GC invocations=131 (full 17):
 PSYoungGen      total 53760K, used 2128K [0x00000000f5580000, 0x00000000fa000000, 0x0000000100000000)
  eden space 51200K, 0% used [0x00000000f5580000,0x00000000f5580000,0x00000000f8780000)
  from space 2560K, 83% used [0x00000000f9d80000,0x00000000f9f94010,0x00000000fa000000)
  to   space 2560K, 0% used [0x00000000f9b00000,0x00000000f9b00000,0x00000000f9d80000)
 ParOldGen       total 286208K, used 201681K [0x00000000e0000000, 0x00000000f1780000, 0x00000000f5580000)
  object space 286208K, 70% used [0x00000000e0000000,0x00000000ec4f4620,0x00000000f1780000)
 Metaspace       used 57495K, committed 58432K, reserved 1105920K
  class space    used 6744K, committed 7168K, reserved 1048576K
}
Event: 279.801 GC heap before
{Heap before GC invocations=132 (full 17):
 PSYoungGen      total 53760K, used 53328K [0x00000000f5580000, 0x00000000fa000000, 0x0000000100000000)
  eden space 51200K, 100% used [0x00000000f5580000,0x00000000f8780000,0x00000000f8780000)
  from space 2560K, 83% used [0x00000000f9d80000,0x00000000f9f94010,0x00000000fa000000)
  to   space 2560K, 0% used [0x00000000f9b00000,0x00000000f9b00000,0x00000000f9d80000)
 ParOldGen       total 286208K, used 201681K [0x00000000e0000000, 0x00000000f1780000, 0x00000000f5580000)
  object space 286208K, 70% used [0x00000000e0000000,0x00000000ec4f4620,0x00000000f1780000)
 Metaspace       used 59326K, committed 60352K, reserved 1105920K
  class space    used 6884K, committed 7360K, reserved 1048576K
}
Event: 279.817 GC heap after
{Heap after GC invocations=132 (full 17):
 PSYoungGen      total 52736K, used 2531K [0x00000000f5580000, 0x00000000f9e00000, 0x0000000100000000)
  eden space 50176K, 0% used [0x00000000f5580000,0x00000000f5580000,0x00000000f8680000)
  from space 2560K, 98% used [0x00000000f9b00000,0x00000000f9d78d18,0x00000000f9d80000)
  to   space 512K, 0% used [0x00000000f9d80000,0x00000000f9d80000,0x00000000f9e00000)
 ParOldGen       total 286208K, used 202705K [0x00000000e0000000, 0x00000000f1780000, 0x00000000f5580000)
  object space 286208K, 70% used [0x00000000e0000000,0x00000000ec5f4620,0x00000000f1780000)
 Metaspace       used 59326K, committed 60352K, reserved 1105920K
  class space    used 6884K, committed 7360K, reserved 1048576K
}
Event: 281.804 GC heap before
{Heap before GC invocations=133 (full 17):
 PSYoungGen      total 52736K, used 52707K [0x00000000f5580000, 0x00000000f9e00000, 0x0000000100000000)
  eden space 50176K, 100% used [0x00000000f5580000,0x00000000f8680000,0x00000000f8680000)
  from space 2560K, 98% used [0x00000000f9b00000,0x00000000f9d78d18,0x00000000f9d80000)
  to   space 512K, 0% used [0x00000000f9d80000,0x00000000f9d80000,0x00000000f9e00000)
 ParOldGen       total 286208K, used 202705K [0x00000000e0000000, 0x00000000f1780000, 0x00000000f5580000)
  object space 286208K, 70% used [0x00000000e0000000,0x00000000ec5f4620,0x00000000f1780000)
 Metaspace       used 62455K, committed 63424K, reserved 1105920K
  class space    used 7094K, committed 7552K, reserved 1048576K
}
Event: 281.901 GC heap after
{Heap after GC invocations=133 (full 17):
 PSYoungGen      total 50176K, used 512K [0x00000000f5580000, 0x00000000fa300000, 0x0000000100000000)
  eden space 49664K, 0% used [0x00000000f5580000,0x00000000f5580000,0x00000000f8600000)
  from space 512K, 100% used [0x00000000f9d80000,0x00000000f9e00000,0x00000000f9e00000)
  to   space 14848K, 0% used [0x00000000f8600000,0x00000000f8600000,0x00000000f9480000)
 ParOldGen       total 286208K, used 215218K [0x00000000e0000000, 0x00000000f1780000, 0x00000000f5580000)
  object space 286208K, 75% used [0x00000000e0000000,0x00000000ed22cb50,0x00000000f1780000)
 Metaspace       used 62455K, committed 63424K, reserved 1105920K
  class space    used 7094K, committed 7552K, reserved 1048576K
}
Event: 284.600 GC heap before
{Heap before GC invocations=134 (full 17):
 PSYoungGen      total 50176K, used 50176K [0x00000000f5580000, 0x00000000fa300000, 0x0000000100000000)
  eden space 49664K, 100% used [0x00000000f5580000,0x00000000f8600000,0x00000000f8600000)
  from space 512K, 100% used [0x00000000f9d80000,0x00000000f9e00000,0x00000000f9e00000)
  to   space 14848K, 0% used [0x00000000f8600000,0x00000000f8600000,0x00000000f9480000)
 ParOldGen       total 286208K, used 215218K [0x00000000e0000000, 0x00000000f1780000, 0x00000000f5580000)
  object space 286208K, 75% used [0x00000000e0000000,0x00000000ed22cb50,0x00000000f1780000)
 Metaspace       used 64273K, committed 65216K, reserved 1114112K
  class space    used 7260K, committed 7680K, reserved 1048576K
}
Event: 284.634 GC heap after
{Heap after GC invocations=134 (full 17):
 PSYoungGen      total 58368K, used 8983K [0x00000000f5580000, 0x00000000f9e00000, 0x0000000100000000)
  eden space 49152K, 0% used [0x00000000f5580000,0x00000000f5580000,0x00000000f8580000)
  from space 9216K, 97% used [0x00000000f8600000,0x00000000f8ec5d98,0x00000000f8f00000)
  to   space 10752K, 0% used [0x00000000f9380000,0x00000000f9380000,0x00000000f9e00000)
 ParOldGen       total 286208K, used 215226K [0x00000000e0000000, 0x00000000f1780000, 0x00000000f5580000)
  object space 286208K, 75% used [0x00000000e0000000,0x00000000ed22eb50,0x00000000f1780000)
 Metaspace       used 64273K, committed 65216K, reserved 1114112K
  class space    used 7260K, committed 7680K, reserved 1048576K
}
Event: 288.512 GC heap before
{Heap before GC invocations=135 (full 17):
 PSYoungGen      total 58368K, used 58135K [0x00000000f5580000, 0x00000000f9e00000, 0x0000000100000000)
  eden space 49152K, 100% used [0x00000000f5580000,0x00000000f8580000,0x00000000f8580000)
  from space 9216K, 97% used [0x00000000f8600000,0x00000000f8ec5d98,0x00000000f8f00000)
  to   space 10752K, 0% used [0x00000000f9380000,0x00000000f9380000,0x00000000f9e00000)
 ParOldGen       total 286208K, used 215226K [0x00000000e0000000, 0x00000000f1780000, 0x00000000f5580000)
  object space 286208K, 75% used [0x00000000e0000000,0x00000000ed22eb50,0x00000000f1780000)
 Metaspace       used 66029K, committed 67008K, reserved 1114112K
  class space    used 7373K, committed 7808K, reserved 1048576K
}
Event: 288.686 GC heap after
{Heap after GC invocations=135 (full 17):
 PSYoungGen      total 58368K, used 9472K [0x00000000f5580000, 0x00000000f9d00000, 0x0000000100000000)
  eden space 48640K, 0% used [0x00000000f5580000,0x00000000f5580000,0x00000000f8500000)
  from space 9728K, 97% used [0x00000000f9380000,0x00000000f9cc0000,0x00000000f9d00000)
  to   space 9728K, 0% used [0x00000000f8a00000,0x00000000f8a00000,0x00000000f9380000)
 ParOldGen       total 286208K, used 215226K [0x00000000e0000000, 0x00000000f1780000, 0x00000000f5580000)
  object space 286208K, 75% used [0x00000000e0000000,0x00000000ed22eb50,0x00000000f1780000)
 Metaspace       used 66029K, committed 67008K, reserved 1114112K
  class space    used 7373K, committed 7808K, reserved 1048576K
}

